[2026-03-11T15:30:12.354+0000] {taskinstance.py:1159} INFO - Dependencies all met for dep_context=non-requeueable deps ti=<TaskInstance: sample_dag.sometimes_fails manual__2026-03-11T15:29:49.411242+00:00 [queued]>
[2026-03-11T15:30:12.387+0000] {taskinstance.py:1159} INFO - Dependencies all met for dep_context=requeueable deps ti=<TaskInstance: sample_dag.sometimes_fails manual__2026-03-11T15:29:49.411242+00:00 [queued]>
[2026-03-11T15:30:12.388+0000] {taskinstance.py:1361} INFO - Starting attempt 1 of 1
[2026-03-11T15:30:12.431+0000] {taskinstance.py:1382} INFO - Executing <Task(PythonOperator): sometimes_fails> on 2026-03-11 15:29:49.411242+00:00
[2026-03-11T15:30:12.450+0000] {standard_task_runner.py:57} INFO - Started process 386 to run task
[2026-03-11T15:30:12.469+0000] {standard_task_runner.py:84} INFO - Running: ['***', 'tasks', 'run', 'sample_dag', 'sometimes_fails', 'manual__2026-03-11T15:29:49.411242+00:00', '--job-id', '161', '--raw', '--subdir', 'DAGS_FOLDER/sample_dag.py', '--cfg-path', '/tmp/tmp_5j8do69']
[2026-03-11T15:30:12.484+0000] {standard_task_runner.py:85} INFO - Job 161: Subtask sometimes_fails
[2026-03-11T15:30:12.656+0000] {task_command.py:416} INFO - Running <TaskInstance: sample_dag.sometimes_fails manual__2026-03-11T15:29:49.411242+00:00 [running]> on host d951dfc40bdb
[2026-03-11T15:30:13.098+0000] {taskinstance.py:1662} INFO - Exporting env vars: AIRFLOW_CTX_DAG_OWNER='***' AIRFLOW_CTX_DAG_ID='sample_dag' AIRFLOW_CTX_TASK_ID='sometimes_fails' AIRFLOW_CTX_EXECUTION_DATE='2026-03-11T15:29:49.411242+00:00' AIRFLOW_CTX_TRY_NUMBER='1' AIRFLOW_CTX_DAG_RUN_ID='manual__2026-03-11T15:29:49.411242+00:00'
[2026-03-11T15:30:13.100+0000] {logging_mixin.py:154} INFO - This task has a 30 percent chance to fail
[2026-03-11T15:30:13.136+0000] {taskinstance.py:1937} ERROR - Task failed with exception
Traceback (most recent call last):
  File "/home/airflow/.local/lib/python3.10/site-packages/airflow/operators/python.py", line 192, in execute
    return_value = self.execute_callable()
  File "/home/airflow/.local/lib/python3.10/site-packages/airflow/operators/python.py", line 209, in execute_callable
    return self.python_callable(*self.op_args, **self.op_kwargs)
  File "/opt/airflow/dags/sample_dag.py", line 20, in sometimes_fails
    raise AirflowException
airflow.exceptions.AirflowException
[2026-03-11T15:30:13.146+0000] {taskinstance.py:1400} INFO - Marking task as FAILED. dag_id=sample_dag, task_id=sometimes_fails, execution_date=20260311T152949, start_date=20260311T153012, end_date=20260311T153013
[2026-03-11T15:30:13.184+0000] {standard_task_runner.py:104} ERROR - Failed to execute job 161 for task sometimes_fails (; 386)
[2026-03-11T15:30:13.228+0000] {local_task_job_runner.py:228} INFO - Task exited with return code 1
[2026-03-11T15:30:13.286+0000] {taskinstance.py:2778} INFO - 0 downstream tasks scheduled from follow-on schedule check
