[2026-03-11T15:03:45.173+0000] {taskinstance.py:1159} INFO - Dependencies all met for dep_context=non-requeueable deps ti=<TaskInstance: sample_dag.sometimes_fails scheduled__2026-03-08T00:00:00+00:00 [queued]>
[2026-03-11T15:03:45.252+0000] {taskinstance.py:1159} INFO - Dependencies all met for dep_context=requeueable deps ti=<TaskInstance: sample_dag.sometimes_fails scheduled__2026-03-08T00:00:00+00:00 [queued]>
[2026-03-11T15:03:45.253+0000] {taskinstance.py:1361} INFO - Starting attempt 1 of 1
[2026-03-11T15:03:45.378+0000] {taskinstance.py:1382} INFO - Executing <Task(PythonOperator): sometimes_fails> on 2026-03-08 00:00:00+00:00
[2026-03-11T15:03:45.408+0000] {standard_task_runner.py:57} INFO - Started process 2378 to run task
[2026-03-11T15:03:45.440+0000] {standard_task_runner.py:84} INFO - Running: ['***', 'tasks', 'run', 'sample_dag', 'sometimes_fails', 'scheduled__2026-03-08T00:00:00+00:00', '--job-id', '149', '--raw', '--subdir', 'DAGS_FOLDER/sample_dag.py', '--cfg-path', '/tmp/tmpa1nnxav4']
[2026-03-11T15:03:45.470+0000] {standard_task_runner.py:85} INFO - Job 149: Subtask sometimes_fails
[2026-03-11T15:03:45.721+0000] {task_command.py:416} INFO - Running <TaskInstance: sample_dag.sometimes_fails scheduled__2026-03-08T00:00:00+00:00 [running]> on host 950babafa736
[2026-03-11T15:03:46.136+0000] {taskinstance.py:1662} INFO - Exporting env vars: AIRFLOW_CTX_DAG_OWNER='***' AIRFLOW_CTX_DAG_ID='sample_dag' AIRFLOW_CTX_TASK_ID='sometimes_fails' AIRFLOW_CTX_EXECUTION_DATE='2026-03-08T00:00:00+00:00' AIRFLOW_CTX_TRY_NUMBER='1' AIRFLOW_CTX_DAG_RUN_ID='scheduled__2026-03-08T00:00:00+00:00'
[2026-03-11T15:03:46.138+0000] {logging_mixin.py:154} INFO - This task has a 30 percent chance to fail
[2026-03-11T15:03:46.170+0000] {taskinstance.py:1937} ERROR - Task failed with exception
Traceback (most recent call last):
  File "/home/airflow/.local/lib/python3.10/site-packages/airflow/operators/python.py", line 192, in execute
    return_value = self.execute_callable()
  File "/home/airflow/.local/lib/python3.10/site-packages/airflow/operators/python.py", line 209, in execute_callable
    return self.python_callable(*self.op_args, **self.op_kwargs)
  File "/opt/airflow/dags/sample_dag.py", line 20, in sometimes_fails
    raise AirflowException
airflow.exceptions.AirflowException
[2026-03-11T15:03:46.178+0000] {taskinstance.py:1400} INFO - Marking task as FAILED. dag_id=sample_dag, task_id=sometimes_fails, execution_date=20260308T000000, start_date=20260311T150345, end_date=20260311T150346
[2026-03-11T15:03:46.208+0000] {standard_task_runner.py:104} ERROR - Failed to execute job 149 for task sometimes_fails (; 2378)
[2026-03-11T15:03:46.249+0000] {local_task_job_runner.py:228} INFO - Task exited with return code 1
[2026-03-11T15:03:46.295+0000] {taskinstance.py:2778} INFO - 0 downstream tasks scheduled from follow-on schedule check
