[2026-03-12T00:00:24.945+0000] {processor.py:157} INFO - Started process (PID=10518) to work on /opt/airflow/dags/hello_world_dag.py
[2026-03-12T00:00:24.946+0000] {processor.py:829} INFO - Processing file /opt/airflow/dags/hello_world_dag.py for tasks to queue
[2026-03-12T00:00:24.947+0000] {logging_mixin.py:154} INFO - [2026-03-12T00:00:24.947+0000] {dagbag.py:536} INFO - Filling up the DagBag from /opt/airflow/dags/hello_world_dag.py
[2026-03-12T00:00:24.955+0000] {processor.py:839} INFO - DAG(s) dict_keys(['hello_world_demo']) retrieved from /opt/airflow/dags/hello_world_dag.py
[2026-03-12T00:00:24.977+0000] {logging_mixin.py:154} INFO - [2026-03-12T00:00:24.977+0000] {dag.py:2941} INFO - Sync 1 DAGs
[2026-03-12T00:00:24.986+0000] {logging_mixin.py:154} INFO - [2026-03-12T00:00:24.986+0000] {dag.py:3722} INFO - Setting next_dagrun for hello_world_demo to None, run_after=None
[2026-03-12T00:00:25.003+0000] {processor.py:179} INFO - Processing /opt/airflow/dags/hello_world_dag.py took 0.061 seconds
[2026-03-12T00:00:55.207+0000] {processor.py:157} INFO - Started process (PID=10528) to work on /opt/airflow/dags/hello_world_dag.py
[2026-03-12T00:00:55.208+0000] {processor.py:829} INFO - Processing file /opt/airflow/dags/hello_world_dag.py for tasks to queue
[2026-03-12T00:00:55.209+0000] {logging_mixin.py:154} INFO - [2026-03-12T00:00:55.208+0000] {dagbag.py:536} INFO - Filling up the DagBag from /opt/airflow/dags/hello_world_dag.py
[2026-03-12T00:00:55.219+0000] {processor.py:839} INFO - DAG(s) dict_keys(['hello_world_demo']) retrieved from /opt/airflow/dags/hello_world_dag.py
[2026-03-12T00:00:55.241+0000] {logging_mixin.py:154} INFO - [2026-03-12T00:00:55.241+0000] {dag.py:2941} INFO - Sync 1 DAGs
[2026-03-12T00:00:55.250+0000] {logging_mixin.py:154} INFO - [2026-03-12T00:00:55.250+0000] {dag.py:3722} INFO - Setting next_dagrun for hello_world_demo to None, run_after=None
[2026-03-12T00:00:55.268+0000] {processor.py:179} INFO - Processing /opt/airflow/dags/hello_world_dag.py took 0.064 seconds
[2026-03-12T00:01:25.481+0000] {processor.py:157} INFO - Started process (PID=10538) to work on /opt/airflow/dags/hello_world_dag.py
[2026-03-12T00:01:25.483+0000] {processor.py:829} INFO - Processing file /opt/airflow/dags/hello_world_dag.py for tasks to queue
[2026-03-12T00:01:25.484+0000] {logging_mixin.py:154} INFO - [2026-03-12T00:01:25.483+0000] {dagbag.py:536} INFO - Filling up the DagBag from /opt/airflow/dags/hello_world_dag.py
[2026-03-12T00:01:25.496+0000] {processor.py:839} INFO - DAG(s) dict_keys(['hello_world_demo']) retrieved from /opt/airflow/dags/hello_world_dag.py
[2026-03-12T00:01:25.526+0000] {logging_mixin.py:154} INFO - [2026-03-12T00:01:25.525+0000] {dag.py:2941} INFO - Sync 1 DAGs
[2026-03-12T00:01:25.540+0000] {logging_mixin.py:154} INFO - [2026-03-12T00:01:25.540+0000] {dag.py:3722} INFO - Setting next_dagrun for hello_world_demo to None, run_after=None
[2026-03-12T00:01:25.571+0000] {processor.py:179} INFO - Processing /opt/airflow/dags/hello_world_dag.py took 0.094 seconds
[2026-03-12T00:01:55.779+0000] {processor.py:157} INFO - Started process (PID=10548) to work on /opt/airflow/dags/hello_world_dag.py
[2026-03-12T00:01:55.791+0000] {processor.py:829} INFO - Processing file /opt/airflow/dags/hello_world_dag.py for tasks to queue
[2026-03-12T00:01:55.792+0000] {logging_mixin.py:154} INFO - [2026-03-12T00:01:55.792+0000] {dagbag.py:536} INFO - Filling up the DagBag from /opt/airflow/dags/hello_world_dag.py
[2026-03-12T00:01:55.801+0000] {processor.py:839} INFO - DAG(s) dict_keys(['hello_world_demo']) retrieved from /opt/airflow/dags/hello_world_dag.py
[2026-03-12T00:01:55.830+0000] {logging_mixin.py:154} INFO - [2026-03-12T00:01:55.830+0000] {dag.py:2941} INFO - Sync 1 DAGs
[2026-03-12T00:01:55.841+0000] {logging_mixin.py:154} INFO - [2026-03-12T00:01:55.841+0000] {dag.py:3722} INFO - Setting next_dagrun for hello_world_demo to None, run_after=None
[2026-03-12T00:01:55.871+0000] {processor.py:179} INFO - Processing /opt/airflow/dags/hello_world_dag.py took 0.096 seconds
[2026-03-12T00:02:26.068+0000] {processor.py:157} INFO - Started process (PID=10558) to work on /opt/airflow/dags/hello_world_dag.py
[2026-03-12T00:02:26.080+0000] {processor.py:829} INFO - Processing file /opt/airflow/dags/hello_world_dag.py for tasks to queue
[2026-03-12T00:02:26.081+0000] {logging_mixin.py:154} INFO - [2026-03-12T00:02:26.081+0000] {dagbag.py:536} INFO - Filling up the DagBag from /opt/airflow/dags/hello_world_dag.py
[2026-03-12T00:02:26.090+0000] {processor.py:839} INFO - DAG(s) dict_keys(['hello_world_demo']) retrieved from /opt/airflow/dags/hello_world_dag.py
[2026-03-12T00:02:26.113+0000] {logging_mixin.py:154} INFO - [2026-03-12T00:02:26.113+0000] {dag.py:2941} INFO - Sync 1 DAGs
[2026-03-12T00:02:26.123+0000] {logging_mixin.py:154} INFO - [2026-03-12T00:02:26.122+0000] {dag.py:3722} INFO - Setting next_dagrun for hello_world_demo to None, run_after=None
[2026-03-12T00:02:26.142+0000] {processor.py:179} INFO - Processing /opt/airflow/dags/hello_world_dag.py took 0.077 seconds
[2026-03-12T00:02:56.336+0000] {processor.py:157} INFO - Started process (PID=10568) to work on /opt/airflow/dags/hello_world_dag.py
[2026-03-12T00:02:56.337+0000] {processor.py:829} INFO - Processing file /opt/airflow/dags/hello_world_dag.py for tasks to queue
[2026-03-12T00:02:56.337+0000] {logging_mixin.py:154} INFO - [2026-03-12T00:02:56.337+0000] {dagbag.py:536} INFO - Filling up the DagBag from /opt/airflow/dags/hello_world_dag.py
[2026-03-12T00:02:56.345+0000] {processor.py:839} INFO - DAG(s) dict_keys(['hello_world_demo']) retrieved from /opt/airflow/dags/hello_world_dag.py
[2026-03-12T00:02:56.367+0000] {logging_mixin.py:154} INFO - [2026-03-12T00:02:56.367+0000] {dag.py:2941} INFO - Sync 1 DAGs
[2026-03-12T00:02:56.375+0000] {logging_mixin.py:154} INFO - [2026-03-12T00:02:56.375+0000] {dag.py:3722} INFO - Setting next_dagrun for hello_world_demo to None, run_after=None
[2026-03-12T00:02:56.393+0000] {processor.py:179} INFO - Processing /opt/airflow/dags/hello_world_dag.py took 0.059 seconds
[2026-03-12T00:03:26.594+0000] {processor.py:157} INFO - Started process (PID=10578) to work on /opt/airflow/dags/hello_world_dag.py
[2026-03-12T00:03:26.596+0000] {processor.py:829} INFO - Processing file /opt/airflow/dags/hello_world_dag.py for tasks to queue
[2026-03-12T00:03:26.597+0000] {logging_mixin.py:154} INFO - [2026-03-12T00:03:26.596+0000] {dagbag.py:536} INFO - Filling up the DagBag from /opt/airflow/dags/hello_world_dag.py
[2026-03-12T00:03:26.605+0000] {processor.py:839} INFO - DAG(s) dict_keys(['hello_world_demo']) retrieved from /opt/airflow/dags/hello_world_dag.py
[2026-03-12T00:03:26.632+0000] {logging_mixin.py:154} INFO - [2026-03-12T00:03:26.632+0000] {dag.py:2941} INFO - Sync 1 DAGs
[2026-03-12T00:03:26.643+0000] {logging_mixin.py:154} INFO - [2026-03-12T00:03:26.643+0000] {dag.py:3722} INFO - Setting next_dagrun for hello_world_demo to None, run_after=None
[2026-03-12T00:03:26.677+0000] {processor.py:179} INFO - Processing /opt/airflow/dags/hello_world_dag.py took 0.086 seconds
[2026-03-12T00:03:56.900+0000] {processor.py:157} INFO - Started process (PID=10588) to work on /opt/airflow/dags/hello_world_dag.py
[2026-03-12T00:03:56.900+0000] {processor.py:829} INFO - Processing file /opt/airflow/dags/hello_world_dag.py for tasks to queue
[2026-03-12T00:03:56.901+0000] {logging_mixin.py:154} INFO - [2026-03-12T00:03:56.901+0000] {dagbag.py:536} INFO - Filling up the DagBag from /opt/airflow/dags/hello_world_dag.py
[2026-03-12T00:03:56.909+0000] {processor.py:839} INFO - DAG(s) dict_keys(['hello_world_demo']) retrieved from /opt/airflow/dags/hello_world_dag.py
[2026-03-12T00:03:56.933+0000] {logging_mixin.py:154} INFO - [2026-03-12T00:03:56.933+0000] {dag.py:2941} INFO - Sync 1 DAGs
[2026-03-12T00:03:56.945+0000] {logging_mixin.py:154} INFO - [2026-03-12T00:03:56.945+0000] {dag.py:3722} INFO - Setting next_dagrun for hello_world_demo to None, run_after=None
[2026-03-12T00:03:56.962+0000] {processor.py:179} INFO - Processing /opt/airflow/dags/hello_world_dag.py took 0.065 seconds
[2026-03-12T00:04:27.160+0000] {processor.py:157} INFO - Started process (PID=10598) to work on /opt/airflow/dags/hello_world_dag.py
[2026-03-12T00:04:27.171+0000] {processor.py:829} INFO - Processing file /opt/airflow/dags/hello_world_dag.py for tasks to queue
[2026-03-12T00:04:27.172+0000] {logging_mixin.py:154} INFO - [2026-03-12T00:04:27.172+0000] {dagbag.py:536} INFO - Filling up the DagBag from /opt/airflow/dags/hello_world_dag.py
[2026-03-12T00:04:27.181+0000] {processor.py:839} INFO - DAG(s) dict_keys(['hello_world_demo']) retrieved from /opt/airflow/dags/hello_world_dag.py
[2026-03-12T00:04:27.205+0000] {logging_mixin.py:154} INFO - [2026-03-12T00:04:27.205+0000] {dag.py:2941} INFO - Sync 1 DAGs
[2026-03-12T00:04:27.216+0000] {logging_mixin.py:154} INFO - [2026-03-12T00:04:27.216+0000] {dag.py:3722} INFO - Setting next_dagrun for hello_world_demo to None, run_after=None
[2026-03-12T00:04:27.252+0000] {processor.py:179} INFO - Processing /opt/airflow/dags/hello_world_dag.py took 0.096 seconds
[2026-03-12T00:04:57.455+0000] {processor.py:157} INFO - Started process (PID=10608) to work on /opt/airflow/dags/hello_world_dag.py
[2026-03-12T00:04:57.456+0000] {processor.py:829} INFO - Processing file /opt/airflow/dags/hello_world_dag.py for tasks to queue
[2026-03-12T00:04:57.456+0000] {logging_mixin.py:154} INFO - [2026-03-12T00:04:57.456+0000] {dagbag.py:536} INFO - Filling up the DagBag from /opt/airflow/dags/hello_world_dag.py
[2026-03-12T00:04:57.465+0000] {processor.py:839} INFO - DAG(s) dict_keys(['hello_world_demo']) retrieved from /opt/airflow/dags/hello_world_dag.py
[2026-03-12T00:04:57.488+0000] {logging_mixin.py:154} INFO - [2026-03-12T00:04:57.488+0000] {dag.py:2941} INFO - Sync 1 DAGs
[2026-03-12T00:04:57.497+0000] {logging_mixin.py:154} INFO - [2026-03-12T00:04:57.497+0000] {dag.py:3722} INFO - Setting next_dagrun for hello_world_demo to None, run_after=None
[2026-03-12T00:04:57.514+0000] {processor.py:179} INFO - Processing /opt/airflow/dags/hello_world_dag.py took 0.062 seconds
[2026-03-12T00:05:27.707+0000] {processor.py:157} INFO - Started process (PID=10618) to work on /opt/airflow/dags/hello_world_dag.py
[2026-03-12T00:05:27.720+0000] {processor.py:829} INFO - Processing file /opt/airflow/dags/hello_world_dag.py for tasks to queue
[2026-03-12T00:05:27.720+0000] {logging_mixin.py:154} INFO - [2026-03-12T00:05:27.720+0000] {dagbag.py:536} INFO - Filling up the DagBag from /opt/airflow/dags/hello_world_dag.py
[2026-03-12T00:05:27.729+0000] {processor.py:839} INFO - DAG(s) dict_keys(['hello_world_demo']) retrieved from /opt/airflow/dags/hello_world_dag.py
[2026-03-12T00:05:27.752+0000] {logging_mixin.py:154} INFO - [2026-03-12T00:05:27.752+0000] {dag.py:2941} INFO - Sync 1 DAGs
[2026-03-12T00:05:27.762+0000] {logging_mixin.py:154} INFO - [2026-03-12T00:05:27.761+0000] {dag.py:3722} INFO - Setting next_dagrun for hello_world_demo to None, run_after=None
[2026-03-12T00:05:27.779+0000] {processor.py:179} INFO - Processing /opt/airflow/dags/hello_world_dag.py took 0.075 seconds
[2026-03-12T00:05:57.982+0000] {processor.py:157} INFO - Started process (PID=10628) to work on /opt/airflow/dags/hello_world_dag.py
[2026-03-12T00:05:57.983+0000] {processor.py:829} INFO - Processing file /opt/airflow/dags/hello_world_dag.py for tasks to queue
[2026-03-12T00:05:57.984+0000] {logging_mixin.py:154} INFO - [2026-03-12T00:05:57.983+0000] {dagbag.py:536} INFO - Filling up the DagBag from /opt/airflow/dags/hello_world_dag.py
[2026-03-12T00:05:57.992+0000] {processor.py:839} INFO - DAG(s) dict_keys(['hello_world_demo']) retrieved from /opt/airflow/dags/hello_world_dag.py
[2026-03-12T00:05:58.014+0000] {logging_mixin.py:154} INFO - [2026-03-12T00:05:58.014+0000] {dag.py:2941} INFO - Sync 1 DAGs
[2026-03-12T00:05:58.022+0000] {logging_mixin.py:154} INFO - [2026-03-12T00:05:58.022+0000] {dag.py:3722} INFO - Setting next_dagrun for hello_world_demo to None, run_after=None
[2026-03-12T00:05:58.039+0000] {processor.py:179} INFO - Processing /opt/airflow/dags/hello_world_dag.py took 0.059 seconds
[2026-03-12T00:06:28.243+0000] {processor.py:157} INFO - Started process (PID=10638) to work on /opt/airflow/dags/hello_world_dag.py
[2026-03-12T00:06:28.246+0000] {processor.py:829} INFO - Processing file /opt/airflow/dags/hello_world_dag.py for tasks to queue
[2026-03-12T00:06:28.246+0000] {logging_mixin.py:154} INFO - [2026-03-12T00:06:28.246+0000] {dagbag.py:536} INFO - Filling up the DagBag from /opt/airflow/dags/hello_world_dag.py
[2026-03-12T00:06:28.258+0000] {processor.py:839} INFO - DAG(s) dict_keys(['hello_world_demo']) retrieved from /opt/airflow/dags/hello_world_dag.py
[2026-03-12T00:06:28.285+0000] {logging_mixin.py:154} INFO - [2026-03-12T00:06:28.284+0000] {dag.py:2941} INFO - Sync 1 DAGs
[2026-03-12T00:06:28.299+0000] {logging_mixin.py:154} INFO - [2026-03-12T00:06:28.299+0000] {dag.py:3722} INFO - Setting next_dagrun for hello_world_demo to None, run_after=None
[2026-03-12T00:06:28.330+0000] {processor.py:179} INFO - Processing /opt/airflow/dags/hello_world_dag.py took 0.091 seconds
[2026-03-12T00:06:58.536+0000] {processor.py:157} INFO - Started process (PID=10648) to work on /opt/airflow/dags/hello_world_dag.py
[2026-03-12T00:06:58.537+0000] {processor.py:829} INFO - Processing file /opt/airflow/dags/hello_world_dag.py for tasks to queue
[2026-03-12T00:06:58.538+0000] {logging_mixin.py:154} INFO - [2026-03-12T00:06:58.537+0000] {dagbag.py:536} INFO - Filling up the DagBag from /opt/airflow/dags/hello_world_dag.py
[2026-03-12T00:06:58.545+0000] {processor.py:839} INFO - DAG(s) dict_keys(['hello_world_demo']) retrieved from /opt/airflow/dags/hello_world_dag.py
[2026-03-12T00:06:58.568+0000] {logging_mixin.py:154} INFO - [2026-03-12T00:06:58.568+0000] {dag.py:2941} INFO - Sync 1 DAGs
[2026-03-12T00:06:58.576+0000] {logging_mixin.py:154} INFO - [2026-03-12T00:06:58.576+0000] {dag.py:3722} INFO - Setting next_dagrun for hello_world_demo to None, run_after=None
[2026-03-12T00:06:58.596+0000] {processor.py:179} INFO - Processing /opt/airflow/dags/hello_world_dag.py took 0.062 seconds
[2026-03-12T00:07:28.795+0000] {processor.py:157} INFO - Started process (PID=10658) to work on /opt/airflow/dags/hello_world_dag.py
[2026-03-12T00:07:28.797+0000] {processor.py:829} INFO - Processing file /opt/airflow/dags/hello_world_dag.py for tasks to queue
[2026-03-12T00:07:28.798+0000] {logging_mixin.py:154} INFO - [2026-03-12T00:07:28.797+0000] {dagbag.py:536} INFO - Filling up the DagBag from /opt/airflow/dags/hello_world_dag.py
[2026-03-12T00:07:28.806+0000] {processor.py:839} INFO - DAG(s) dict_keys(['hello_world_demo']) retrieved from /opt/airflow/dags/hello_world_dag.py
[2026-03-12T00:07:28.828+0000] {logging_mixin.py:154} INFO - [2026-03-12T00:07:28.828+0000] {dag.py:2941} INFO - Sync 1 DAGs
[2026-03-12T00:07:28.837+0000] {logging_mixin.py:154} INFO - [2026-03-12T00:07:28.836+0000] {dag.py:3722} INFO - Setting next_dagrun for hello_world_demo to None, run_after=None
[2026-03-12T00:07:28.853+0000] {processor.py:179} INFO - Processing /opt/airflow/dags/hello_world_dag.py took 0.061 seconds
[2026-03-12T00:07:59.080+0000] {processor.py:157} INFO - Started process (PID=10668) to work on /opt/airflow/dags/hello_world_dag.py
[2026-03-12T00:07:59.081+0000] {processor.py:829} INFO - Processing file /opt/airflow/dags/hello_world_dag.py for tasks to queue
[2026-03-12T00:07:59.081+0000] {logging_mixin.py:154} INFO - [2026-03-12T00:07:59.081+0000] {dagbag.py:536} INFO - Filling up the DagBag from /opt/airflow/dags/hello_world_dag.py
[2026-03-12T00:07:59.089+0000] {processor.py:839} INFO - DAG(s) dict_keys(['hello_world_demo']) retrieved from /opt/airflow/dags/hello_world_dag.py
[2026-03-12T00:07:59.111+0000] {logging_mixin.py:154} INFO - [2026-03-12T00:07:59.111+0000] {dag.py:2941} INFO - Sync 1 DAGs
[2026-03-12T00:07:59.119+0000] {logging_mixin.py:154} INFO - [2026-03-12T00:07:59.119+0000] {dag.py:3722} INFO - Setting next_dagrun for hello_world_demo to None, run_after=None
[2026-03-12T00:07:59.137+0000] {processor.py:179} INFO - Processing /opt/airflow/dags/hello_world_dag.py took 0.060 seconds
[2026-03-12T00:08:29.352+0000] {processor.py:157} INFO - Started process (PID=10678) to work on /opt/airflow/dags/hello_world_dag.py
[2026-03-12T00:08:29.354+0000] {processor.py:829} INFO - Processing file /opt/airflow/dags/hello_world_dag.py for tasks to queue
[2026-03-12T00:08:29.355+0000] {logging_mixin.py:154} INFO - [2026-03-12T00:08:29.354+0000] {dagbag.py:536} INFO - Filling up the DagBag from /opt/airflow/dags/hello_world_dag.py
[2026-03-12T00:08:29.362+0000] {processor.py:839} INFO - DAG(s) dict_keys(['hello_world_demo']) retrieved from /opt/airflow/dags/hello_world_dag.py
[2026-03-12T00:08:29.385+0000] {logging_mixin.py:154} INFO - [2026-03-12T00:08:29.385+0000] {dag.py:2941} INFO - Sync 1 DAGs
[2026-03-12T00:08:29.394+0000] {logging_mixin.py:154} INFO - [2026-03-12T00:08:29.394+0000] {dag.py:3722} INFO - Setting next_dagrun for hello_world_demo to None, run_after=None
[2026-03-12T00:08:29.411+0000] {processor.py:179} INFO - Processing /opt/airflow/dags/hello_world_dag.py took 0.062 seconds
[2026-03-12T00:08:59.619+0000] {processor.py:157} INFO - Started process (PID=10688) to work on /opt/airflow/dags/hello_world_dag.py
[2026-03-12T00:08:59.620+0000] {processor.py:829} INFO - Processing file /opt/airflow/dags/hello_world_dag.py for tasks to queue
[2026-03-12T00:08:59.620+0000] {logging_mixin.py:154} INFO - [2026-03-12T00:08:59.620+0000] {dagbag.py:536} INFO - Filling up the DagBag from /opt/airflow/dags/hello_world_dag.py
[2026-03-12T00:08:59.628+0000] {processor.py:839} INFO - DAG(s) dict_keys(['hello_world_demo']) retrieved from /opt/airflow/dags/hello_world_dag.py
[2026-03-12T00:08:59.651+0000] {logging_mixin.py:154} INFO - [2026-03-12T00:08:59.651+0000] {dag.py:2941} INFO - Sync 1 DAGs
[2026-03-12T00:08:59.660+0000] {logging_mixin.py:154} INFO - [2026-03-12T00:08:59.660+0000] {dag.py:3722} INFO - Setting next_dagrun for hello_world_demo to None, run_after=None
[2026-03-12T00:08:59.677+0000] {processor.py:179} INFO - Processing /opt/airflow/dags/hello_world_dag.py took 0.061 seconds
[2026-03-12T00:09:29.871+0000] {processor.py:157} INFO - Started process (PID=10698) to work on /opt/airflow/dags/hello_world_dag.py
[2026-03-12T00:09:29.882+0000] {processor.py:829} INFO - Processing file /opt/airflow/dags/hello_world_dag.py for tasks to queue
[2026-03-12T00:09:29.883+0000] {logging_mixin.py:154} INFO - [2026-03-12T00:09:29.883+0000] {dagbag.py:536} INFO - Filling up the DagBag from /opt/airflow/dags/hello_world_dag.py
[2026-03-12T00:09:29.894+0000] {processor.py:839} INFO - DAG(s) dict_keys(['hello_world_demo']) retrieved from /opt/airflow/dags/hello_world_dag.py
[2026-03-12T00:09:29.921+0000] {logging_mixin.py:154} INFO - [2026-03-12T00:09:29.921+0000] {dag.py:2941} INFO - Sync 1 DAGs
[2026-03-12T00:09:29.933+0000] {logging_mixin.py:154} INFO - [2026-03-12T00:09:29.933+0000] {dag.py:3722} INFO - Setting next_dagrun for hello_world_demo to None, run_after=None
[2026-03-12T00:09:29.968+0000] {processor.py:179} INFO - Processing /opt/airflow/dags/hello_world_dag.py took 0.100 seconds
[2026-03-12T00:10:00.167+0000] {processor.py:157} INFO - Started process (PID=10708) to work on /opt/airflow/dags/hello_world_dag.py
[2026-03-12T00:10:00.168+0000] {processor.py:829} INFO - Processing file /opt/airflow/dags/hello_world_dag.py for tasks to queue
[2026-03-12T00:10:00.168+0000] {logging_mixin.py:154} INFO - [2026-03-12T00:10:00.168+0000] {dagbag.py:536} INFO - Filling up the DagBag from /opt/airflow/dags/hello_world_dag.py
[2026-03-12T00:10:00.177+0000] {processor.py:839} INFO - DAG(s) dict_keys(['hello_world_demo']) retrieved from /opt/airflow/dags/hello_world_dag.py
[2026-03-12T00:10:00.202+0000] {logging_mixin.py:154} INFO - [2026-03-12T00:10:00.201+0000] {dag.py:2941} INFO - Sync 1 DAGs
[2026-03-12T00:10:00.211+0000] {logging_mixin.py:154} INFO - [2026-03-12T00:10:00.211+0000] {dag.py:3722} INFO - Setting next_dagrun for hello_world_demo to None, run_after=None
[2026-03-12T00:10:00.231+0000] {processor.py:179} INFO - Processing /opt/airflow/dags/hello_world_dag.py took 0.067 seconds
[2026-03-12T00:10:30.452+0000] {processor.py:157} INFO - Started process (PID=10718) to work on /opt/airflow/dags/hello_world_dag.py
[2026-03-12T00:10:30.455+0000] {processor.py:829} INFO - Processing file /opt/airflow/dags/hello_world_dag.py for tasks to queue
[2026-03-12T00:10:30.455+0000] {logging_mixin.py:154} INFO - [2026-03-12T00:10:30.455+0000] {dagbag.py:536} INFO - Filling up the DagBag from /opt/airflow/dags/hello_world_dag.py
[2026-03-12T00:10:30.463+0000] {processor.py:839} INFO - DAG(s) dict_keys(['hello_world_demo']) retrieved from /opt/airflow/dags/hello_world_dag.py
[2026-03-12T00:10:30.484+0000] {logging_mixin.py:154} INFO - [2026-03-12T00:10:30.484+0000] {dag.py:2941} INFO - Sync 1 DAGs
[2026-03-12T00:10:30.493+0000] {logging_mixin.py:154} INFO - [2026-03-12T00:10:30.493+0000] {dag.py:3722} INFO - Setting next_dagrun for hello_world_demo to None, run_after=None
[2026-03-12T00:10:30.510+0000] {processor.py:179} INFO - Processing /opt/airflow/dags/hello_world_dag.py took 0.060 seconds
[2026-03-12T00:11:00.727+0000] {processor.py:157} INFO - Started process (PID=10728) to work on /opt/airflow/dags/hello_world_dag.py
[2026-03-12T00:11:00.728+0000] {processor.py:829} INFO - Processing file /opt/airflow/dags/hello_world_dag.py for tasks to queue
[2026-03-12T00:11:00.728+0000] {logging_mixin.py:154} INFO - [2026-03-12T00:11:00.728+0000] {dagbag.py:536} INFO - Filling up the DagBag from /opt/airflow/dags/hello_world_dag.py
[2026-03-12T00:11:00.737+0000] {processor.py:839} INFO - DAG(s) dict_keys(['hello_world_demo']) retrieved from /opt/airflow/dags/hello_world_dag.py
[2026-03-12T00:11:00.758+0000] {logging_mixin.py:154} INFO - [2026-03-12T00:11:00.758+0000] {dag.py:2941} INFO - Sync 1 DAGs
[2026-03-12T00:11:00.767+0000] {logging_mixin.py:154} INFO - [2026-03-12T00:11:00.767+0000] {dag.py:3722} INFO - Setting next_dagrun for hello_world_demo to None, run_after=None
[2026-03-12T00:11:00.784+0000] {processor.py:179} INFO - Processing /opt/airflow/dags/hello_world_dag.py took 0.059 seconds
[2026-03-12T00:11:30.978+0000] {processor.py:157} INFO - Started process (PID=10738) to work on /opt/airflow/dags/hello_world_dag.py
[2026-03-12T00:11:30.981+0000] {processor.py:829} INFO - Processing file /opt/airflow/dags/hello_world_dag.py for tasks to queue
[2026-03-12T00:11:30.982+0000] {logging_mixin.py:154} INFO - [2026-03-12T00:11:30.981+0000] {dagbag.py:536} INFO - Filling up the DagBag from /opt/airflow/dags/hello_world_dag.py
[2026-03-12T00:11:30.991+0000] {processor.py:839} INFO - DAG(s) dict_keys(['hello_world_demo']) retrieved from /opt/airflow/dags/hello_world_dag.py
[2026-03-12T00:11:31.014+0000] {logging_mixin.py:154} INFO - [2026-03-12T00:11:31.014+0000] {dag.py:2941} INFO - Sync 1 DAGs
[2026-03-12T00:11:31.024+0000] {logging_mixin.py:154} INFO - [2026-03-12T00:11:31.024+0000] {dag.py:3722} INFO - Setting next_dagrun for hello_world_demo to None, run_after=None
[2026-03-12T00:11:31.048+0000] {processor.py:179} INFO - Processing /opt/airflow/dags/hello_world_dag.py took 0.075 seconds
[2026-03-12T00:12:01.268+0000] {processor.py:157} INFO - Started process (PID=10748) to work on /opt/airflow/dags/hello_world_dag.py
[2026-03-12T00:12:01.269+0000] {processor.py:829} INFO - Processing file /opt/airflow/dags/hello_world_dag.py for tasks to queue
[2026-03-12T00:12:01.269+0000] {logging_mixin.py:154} INFO - [2026-03-12T00:12:01.269+0000] {dagbag.py:536} INFO - Filling up the DagBag from /opt/airflow/dags/hello_world_dag.py
[2026-03-12T00:12:01.277+0000] {processor.py:839} INFO - DAG(s) dict_keys(['hello_world_demo']) retrieved from /opt/airflow/dags/hello_world_dag.py
[2026-03-12T00:12:01.300+0000] {logging_mixin.py:154} INFO - [2026-03-12T00:12:01.300+0000] {dag.py:2941} INFO - Sync 1 DAGs
[2026-03-12T00:12:01.311+0000] {logging_mixin.py:154} INFO - [2026-03-12T00:12:01.311+0000] {dag.py:3722} INFO - Setting next_dagrun for hello_world_demo to None, run_after=None
[2026-03-12T00:12:01.344+0000] {processor.py:179} INFO - Processing /opt/airflow/dags/hello_world_dag.py took 0.079 seconds
[2026-03-12T00:12:31.533+0000] {processor.py:157} INFO - Started process (PID=10758) to work on /opt/airflow/dags/hello_world_dag.py
[2026-03-12T00:12:31.545+0000] {processor.py:829} INFO - Processing file /opt/airflow/dags/hello_world_dag.py for tasks to queue
[2026-03-12T00:12:31.546+0000] {logging_mixin.py:154} INFO - [2026-03-12T00:12:31.546+0000] {dagbag.py:536} INFO - Filling up the DagBag from /opt/airflow/dags/hello_world_dag.py
[2026-03-12T00:12:31.554+0000] {processor.py:839} INFO - DAG(s) dict_keys(['hello_world_demo']) retrieved from /opt/airflow/dags/hello_world_dag.py
[2026-03-12T00:12:31.576+0000] {logging_mixin.py:154} INFO - [2026-03-12T00:12:31.576+0000] {dag.py:2941} INFO - Sync 1 DAGs
[2026-03-12T00:12:31.585+0000] {logging_mixin.py:154} INFO - [2026-03-12T00:12:31.585+0000] {dag.py:3722} INFO - Setting next_dagrun for hello_world_demo to None, run_after=None
[2026-03-12T00:12:31.602+0000] {processor.py:179} INFO - Processing /opt/airflow/dags/hello_world_dag.py took 0.072 seconds
[2026-03-12T00:13:01.819+0000] {processor.py:157} INFO - Started process (PID=10768) to work on /opt/airflow/dags/hello_world_dag.py
[2026-03-12T00:13:01.820+0000] {processor.py:829} INFO - Processing file /opt/airflow/dags/hello_world_dag.py for tasks to queue
[2026-03-12T00:13:01.821+0000] {logging_mixin.py:154} INFO - [2026-03-12T00:13:01.820+0000] {dagbag.py:536} INFO - Filling up the DagBag from /opt/airflow/dags/hello_world_dag.py
[2026-03-12T00:13:01.828+0000] {processor.py:839} INFO - DAG(s) dict_keys(['hello_world_demo']) retrieved from /opt/airflow/dags/hello_world_dag.py
[2026-03-12T00:13:01.850+0000] {logging_mixin.py:154} INFO - [2026-03-12T00:13:01.850+0000] {dag.py:2941} INFO - Sync 1 DAGs
[2026-03-12T00:13:01.858+0000] {logging_mixin.py:154} INFO - [2026-03-12T00:13:01.858+0000] {dag.py:3722} INFO - Setting next_dagrun for hello_world_demo to None, run_after=None
[2026-03-12T00:13:01.876+0000] {processor.py:179} INFO - Processing /opt/airflow/dags/hello_world_dag.py took 0.060 seconds
[2026-03-12T00:13:32.057+0000] {processor.py:157} INFO - Started process (PID=10778) to work on /opt/airflow/dags/hello_world_dag.py
[2026-03-12T00:13:32.069+0000] {processor.py:829} INFO - Processing file /opt/airflow/dags/hello_world_dag.py for tasks to queue
[2026-03-12T00:13:32.070+0000] {logging_mixin.py:154} INFO - [2026-03-12T00:13:32.070+0000] {dagbag.py:536} INFO - Filling up the DagBag from /opt/airflow/dags/hello_world_dag.py
[2026-03-12T00:13:32.079+0000] {processor.py:839} INFO - DAG(s) dict_keys(['hello_world_demo']) retrieved from /opt/airflow/dags/hello_world_dag.py
[2026-03-12T00:13:32.104+0000] {logging_mixin.py:154} INFO - [2026-03-12T00:13:32.103+0000] {dag.py:2941} INFO - Sync 1 DAGs
[2026-03-12T00:13:32.113+0000] {logging_mixin.py:154} INFO - [2026-03-12T00:13:32.113+0000] {dag.py:3722} INFO - Setting next_dagrun for hello_world_demo to None, run_after=None
[2026-03-12T00:13:32.137+0000] {processor.py:179} INFO - Processing /opt/airflow/dags/hello_world_dag.py took 0.083 seconds
[2026-03-12T00:14:02.366+0000] {processor.py:157} INFO - Started process (PID=10788) to work on /opt/airflow/dags/hello_world_dag.py
[2026-03-12T00:14:02.367+0000] {processor.py:829} INFO - Processing file /opt/airflow/dags/hello_world_dag.py for tasks to queue
[2026-03-12T00:14:02.368+0000] {logging_mixin.py:154} INFO - [2026-03-12T00:14:02.368+0000] {dagbag.py:536} INFO - Filling up the DagBag from /opt/airflow/dags/hello_world_dag.py
[2026-03-12T00:14:02.376+0000] {processor.py:839} INFO - DAG(s) dict_keys(['hello_world_demo']) retrieved from /opt/airflow/dags/hello_world_dag.py
[2026-03-12T00:14:02.399+0000] {logging_mixin.py:154} INFO - [2026-03-12T00:14:02.399+0000] {dag.py:2941} INFO - Sync 1 DAGs
[2026-03-12T00:14:02.408+0000] {logging_mixin.py:154} INFO - [2026-03-12T00:14:02.407+0000] {dag.py:3722} INFO - Setting next_dagrun for hello_world_demo to None, run_after=None
[2026-03-12T00:14:02.426+0000] {processor.py:179} INFO - Processing /opt/airflow/dags/hello_world_dag.py took 0.063 seconds
[2026-03-12T00:14:32.627+0000] {processor.py:157} INFO - Started process (PID=10798) to work on /opt/airflow/dags/hello_world_dag.py
[2026-03-12T00:14:32.640+0000] {processor.py:829} INFO - Processing file /opt/airflow/dags/hello_world_dag.py for tasks to queue
[2026-03-12T00:14:32.641+0000] {logging_mixin.py:154} INFO - [2026-03-12T00:14:32.641+0000] {dagbag.py:536} INFO - Filling up the DagBag from /opt/airflow/dags/hello_world_dag.py
[2026-03-12T00:14:32.653+0000] {processor.py:839} INFO - DAG(s) dict_keys(['hello_world_demo']) retrieved from /opt/airflow/dags/hello_world_dag.py
[2026-03-12T00:14:32.678+0000] {logging_mixin.py:154} INFO - [2026-03-12T00:14:32.678+0000] {dag.py:2941} INFO - Sync 1 DAGs
[2026-03-12T00:14:32.688+0000] {logging_mixin.py:154} INFO - [2026-03-12T00:14:32.688+0000] {dag.py:3722} INFO - Setting next_dagrun for hello_world_demo to None, run_after=None
[2026-03-12T00:14:32.719+0000] {processor.py:179} INFO - Processing /opt/airflow/dags/hello_world_dag.py took 0.095 seconds
[2026-03-12T00:15:02.930+0000] {processor.py:157} INFO - Started process (PID=10808) to work on /opt/airflow/dags/hello_world_dag.py
[2026-03-12T00:15:02.931+0000] {processor.py:829} INFO - Processing file /opt/airflow/dags/hello_world_dag.py for tasks to queue
[2026-03-12T00:15:02.932+0000] {logging_mixin.py:154} INFO - [2026-03-12T00:15:02.932+0000] {dagbag.py:536} INFO - Filling up the DagBag from /opt/airflow/dags/hello_world_dag.py
[2026-03-12T00:15:02.945+0000] {processor.py:839} INFO - DAG(s) dict_keys(['hello_world_demo']) retrieved from /opt/airflow/dags/hello_world_dag.py
[2026-03-12T00:15:02.977+0000] {logging_mixin.py:154} INFO - [2026-03-12T00:15:02.976+0000] {dag.py:2941} INFO - Sync 1 DAGs
[2026-03-12T00:15:02.991+0000] {logging_mixin.py:154} INFO - [2026-03-12T00:15:02.991+0000] {dag.py:3722} INFO - Setting next_dagrun for hello_world_demo to None, run_after=None
[2026-03-12T00:15:03.021+0000] {processor.py:179} INFO - Processing /opt/airflow/dags/hello_world_dag.py took 0.096 seconds
[2026-03-12T00:15:33.219+0000] {processor.py:157} INFO - Started process (PID=10818) to work on /opt/airflow/dags/hello_world_dag.py
[2026-03-12T00:15:33.220+0000] {processor.py:829} INFO - Processing file /opt/airflow/dags/hello_world_dag.py for tasks to queue
[2026-03-12T00:15:33.221+0000] {logging_mixin.py:154} INFO - [2026-03-12T00:15:33.221+0000] {dagbag.py:536} INFO - Filling up the DagBag from /opt/airflow/dags/hello_world_dag.py
[2026-03-12T00:15:33.229+0000] {processor.py:839} INFO - DAG(s) dict_keys(['hello_world_demo']) retrieved from /opt/airflow/dags/hello_world_dag.py
[2026-03-12T00:15:33.253+0000] {logging_mixin.py:154} INFO - [2026-03-12T00:15:33.253+0000] {dag.py:2941} INFO - Sync 1 DAGs
[2026-03-12T00:15:33.262+0000] {logging_mixin.py:154} INFO - [2026-03-12T00:15:33.262+0000] {dag.py:3722} INFO - Setting next_dagrun for hello_world_demo to None, run_after=None
[2026-03-12T00:15:33.279+0000] {processor.py:179} INFO - Processing /opt/airflow/dags/hello_world_dag.py took 0.064 seconds
[2026-03-12T00:16:03.473+0000] {processor.py:157} INFO - Started process (PID=10828) to work on /opt/airflow/dags/hello_world_dag.py
[2026-03-12T00:16:03.473+0000] {processor.py:829} INFO - Processing file /opt/airflow/dags/hello_world_dag.py for tasks to queue
[2026-03-12T00:16:03.474+0000] {logging_mixin.py:154} INFO - [2026-03-12T00:16:03.474+0000] {dagbag.py:536} INFO - Filling up the DagBag from /opt/airflow/dags/hello_world_dag.py
[2026-03-12T00:16:03.484+0000] {processor.py:839} INFO - DAG(s) dict_keys(['hello_world_demo']) retrieved from /opt/airflow/dags/hello_world_dag.py
[2026-03-12T00:16:03.510+0000] {logging_mixin.py:154} INFO - [2026-03-12T00:16:03.510+0000] {dag.py:2941} INFO - Sync 1 DAGs
[2026-03-12T00:16:03.520+0000] {logging_mixin.py:154} INFO - [2026-03-12T00:16:03.520+0000] {dag.py:3722} INFO - Setting next_dagrun for hello_world_demo to None, run_after=None
[2026-03-12T00:16:03.540+0000] {processor.py:179} INFO - Processing /opt/airflow/dags/hello_world_dag.py took 0.070 seconds
[2026-03-12T00:16:33.749+0000] {processor.py:157} INFO - Started process (PID=10838) to work on /opt/airflow/dags/hello_world_dag.py
[2026-03-12T00:16:33.761+0000] {processor.py:829} INFO - Processing file /opt/airflow/dags/hello_world_dag.py for tasks to queue
[2026-03-12T00:16:33.762+0000] {logging_mixin.py:154} INFO - [2026-03-12T00:16:33.761+0000] {dagbag.py:536} INFO - Filling up the DagBag from /opt/airflow/dags/hello_world_dag.py
[2026-03-12T00:16:33.770+0000] {processor.py:839} INFO - DAG(s) dict_keys(['hello_world_demo']) retrieved from /opt/airflow/dags/hello_world_dag.py
[2026-03-12T00:16:33.793+0000] {logging_mixin.py:154} INFO - [2026-03-12T00:16:33.793+0000] {dag.py:2941} INFO - Sync 1 DAGs
[2026-03-12T00:16:33.802+0000] {logging_mixin.py:154} INFO - [2026-03-12T00:16:33.802+0000] {dag.py:3722} INFO - Setting next_dagrun for hello_world_demo to None, run_after=None
[2026-03-12T00:16:33.819+0000] {processor.py:179} INFO - Processing /opt/airflow/dags/hello_world_dag.py took 0.072 seconds
[2026-03-12T00:17:04.039+0000] {processor.py:157} INFO - Started process (PID=10848) to work on /opt/airflow/dags/hello_world_dag.py
[2026-03-12T00:17:04.040+0000] {processor.py:829} INFO - Processing file /opt/airflow/dags/hello_world_dag.py for tasks to queue
[2026-03-12T00:17:04.040+0000] {logging_mixin.py:154} INFO - [2026-03-12T00:17:04.040+0000] {dagbag.py:536} INFO - Filling up the DagBag from /opt/airflow/dags/hello_world_dag.py
[2026-03-12T00:17:04.049+0000] {processor.py:839} INFO - DAG(s) dict_keys(['hello_world_demo']) retrieved from /opt/airflow/dags/hello_world_dag.py
[2026-03-12T00:17:04.070+0000] {logging_mixin.py:154} INFO - [2026-03-12T00:17:04.070+0000] {dag.py:2941} INFO - Sync 1 DAGs
[2026-03-12T00:17:04.079+0000] {logging_mixin.py:154} INFO - [2026-03-12T00:17:04.079+0000] {dag.py:3722} INFO - Setting next_dagrun for hello_world_demo to None, run_after=None
[2026-03-12T00:17:04.097+0000] {processor.py:179} INFO - Processing /opt/airflow/dags/hello_world_dag.py took 0.061 seconds
[2026-03-12T00:17:34.302+0000] {processor.py:157} INFO - Started process (PID=10858) to work on /opt/airflow/dags/hello_world_dag.py
[2026-03-12T00:17:34.303+0000] {processor.py:829} INFO - Processing file /opt/airflow/dags/hello_world_dag.py for tasks to queue
[2026-03-12T00:17:34.304+0000] {logging_mixin.py:154} INFO - [2026-03-12T00:17:34.304+0000] {dagbag.py:536} INFO - Filling up the DagBag from /opt/airflow/dags/hello_world_dag.py
[2026-03-12T00:17:34.312+0000] {processor.py:839} INFO - DAG(s) dict_keys(['hello_world_demo']) retrieved from /opt/airflow/dags/hello_world_dag.py
[2026-03-12T00:17:34.334+0000] {logging_mixin.py:154} INFO - [2026-03-12T00:17:34.333+0000] {dag.py:2941} INFO - Sync 1 DAGs
[2026-03-12T00:17:34.343+0000] {logging_mixin.py:154} INFO - [2026-03-12T00:17:34.343+0000] {dag.py:3722} INFO - Setting next_dagrun for hello_world_demo to None, run_after=None
[2026-03-12T00:17:34.360+0000] {processor.py:179} INFO - Processing /opt/airflow/dags/hello_world_dag.py took 0.061 seconds
[2026-03-12T00:18:04.577+0000] {processor.py:157} INFO - Started process (PID=10868) to work on /opt/airflow/dags/hello_world_dag.py
[2026-03-12T00:18:04.577+0000] {processor.py:829} INFO - Processing file /opt/airflow/dags/hello_world_dag.py for tasks to queue
[2026-03-12T00:18:04.578+0000] {logging_mixin.py:154} INFO - [2026-03-12T00:18:04.578+0000] {dagbag.py:536} INFO - Filling up the DagBag from /opt/airflow/dags/hello_world_dag.py
[2026-03-12T00:18:04.586+0000] {processor.py:839} INFO - DAG(s) dict_keys(['hello_world_demo']) retrieved from /opt/airflow/dags/hello_world_dag.py
[2026-03-12T00:18:04.608+0000] {logging_mixin.py:154} INFO - [2026-03-12T00:18:04.608+0000] {dag.py:2941} INFO - Sync 1 DAGs
[2026-03-12T00:18:04.617+0000] {logging_mixin.py:154} INFO - [2026-03-12T00:18:04.616+0000] {dag.py:3722} INFO - Setting next_dagrun for hello_world_demo to None, run_after=None
[2026-03-12T00:18:04.633+0000] {processor.py:179} INFO - Processing /opt/airflow/dags/hello_world_dag.py took 0.060 seconds
[2026-03-12T00:18:34.816+0000] {processor.py:157} INFO - Started process (PID=10878) to work on /opt/airflow/dags/hello_world_dag.py
[2026-03-12T00:18:34.822+0000] {processor.py:829} INFO - Processing file /opt/airflow/dags/hello_world_dag.py for tasks to queue
[2026-03-12T00:18:34.822+0000] {logging_mixin.py:154} INFO - [2026-03-12T00:18:34.822+0000] {dagbag.py:536} INFO - Filling up the DagBag from /opt/airflow/dags/hello_world_dag.py
[2026-03-12T00:18:34.833+0000] {processor.py:839} INFO - DAG(s) dict_keys(['hello_world_demo']) retrieved from /opt/airflow/dags/hello_world_dag.py
[2026-03-12T00:18:34.857+0000] {logging_mixin.py:154} INFO - [2026-03-12T00:18:34.857+0000] {dag.py:2941} INFO - Sync 1 DAGs
[2026-03-12T00:18:34.868+0000] {logging_mixin.py:154} INFO - [2026-03-12T00:18:34.868+0000] {dag.py:3722} INFO - Setting next_dagrun for hello_world_demo to None, run_after=None
[2026-03-12T00:18:34.904+0000] {processor.py:179} INFO - Processing /opt/airflow/dags/hello_world_dag.py took 0.092 seconds
[2026-03-12T00:19:05.108+0000] {processor.py:157} INFO - Started process (PID=10888) to work on /opt/airflow/dags/hello_world_dag.py
[2026-03-12T00:19:05.109+0000] {processor.py:829} INFO - Processing file /opt/airflow/dags/hello_world_dag.py for tasks to queue
[2026-03-12T00:19:05.110+0000] {logging_mixin.py:154} INFO - [2026-03-12T00:19:05.110+0000] {dagbag.py:536} INFO - Filling up the DagBag from /opt/airflow/dags/hello_world_dag.py
[2026-03-12T00:19:05.119+0000] {processor.py:839} INFO - DAG(s) dict_keys(['hello_world_demo']) retrieved from /opt/airflow/dags/hello_world_dag.py
[2026-03-12T00:19:05.141+0000] {logging_mixin.py:154} INFO - [2026-03-12T00:19:05.141+0000] {dag.py:2941} INFO - Sync 1 DAGs
[2026-03-12T00:19:05.151+0000] {logging_mixin.py:154} INFO - [2026-03-12T00:19:05.151+0000] {dag.py:3722} INFO - Setting next_dagrun for hello_world_demo to None, run_after=None
[2026-03-12T00:19:05.168+0000] {processor.py:179} INFO - Processing /opt/airflow/dags/hello_world_dag.py took 0.063 seconds
[2026-03-12T00:19:35.363+0000] {processor.py:157} INFO - Started process (PID=10898) to work on /opt/airflow/dags/hello_world_dag.py
[2026-03-12T00:19:35.375+0000] {processor.py:829} INFO - Processing file /opt/airflow/dags/hello_world_dag.py for tasks to queue
[2026-03-12T00:19:35.376+0000] {logging_mixin.py:154} INFO - [2026-03-12T00:19:35.375+0000] {dagbag.py:536} INFO - Filling up the DagBag from /opt/airflow/dags/hello_world_dag.py
[2026-03-12T00:19:35.384+0000] {processor.py:839} INFO - DAG(s) dict_keys(['hello_world_demo']) retrieved from /opt/airflow/dags/hello_world_dag.py
[2026-03-12T00:19:35.410+0000] {logging_mixin.py:154} INFO - [2026-03-12T00:19:35.410+0000] {dag.py:2941} INFO - Sync 1 DAGs
[2026-03-12T00:19:35.421+0000] {logging_mixin.py:154} INFO - [2026-03-12T00:19:35.421+0000] {dag.py:3722} INFO - Setting next_dagrun for hello_world_demo to None, run_after=None
[2026-03-12T00:19:35.439+0000] {processor.py:179} INFO - Processing /opt/airflow/dags/hello_world_dag.py took 0.079 seconds
[2026-03-12T00:20:05.636+0000] {processor.py:157} INFO - Started process (PID=10908) to work on /opt/airflow/dags/hello_world_dag.py
[2026-03-12T00:20:05.636+0000] {processor.py:829} INFO - Processing file /opt/airflow/dags/hello_world_dag.py for tasks to queue
[2026-03-12T00:20:05.637+0000] {logging_mixin.py:154} INFO - [2026-03-12T00:20:05.637+0000] {dagbag.py:536} INFO - Filling up the DagBag from /opt/airflow/dags/hello_world_dag.py
[2026-03-12T00:20:05.645+0000] {processor.py:839} INFO - DAG(s) dict_keys(['hello_world_demo']) retrieved from /opt/airflow/dags/hello_world_dag.py
[2026-03-12T00:20:05.666+0000] {logging_mixin.py:154} INFO - [2026-03-12T00:20:05.666+0000] {dag.py:2941} INFO - Sync 1 DAGs
[2026-03-12T00:20:05.675+0000] {logging_mixin.py:154} INFO - [2026-03-12T00:20:05.675+0000] {dag.py:3722} INFO - Setting next_dagrun for hello_world_demo to None, run_after=None
[2026-03-12T00:20:05.695+0000] {processor.py:179} INFO - Processing /opt/airflow/dags/hello_world_dag.py took 0.063 seconds
[2026-03-12T00:20:35.890+0000] {processor.py:157} INFO - Started process (PID=10918) to work on /opt/airflow/dags/hello_world_dag.py
[2026-03-12T00:20:35.901+0000] {processor.py:829} INFO - Processing file /opt/airflow/dags/hello_world_dag.py for tasks to queue
[2026-03-12T00:20:35.902+0000] {logging_mixin.py:154} INFO - [2026-03-12T00:20:35.902+0000] {dagbag.py:536} INFO - Filling up the DagBag from /opt/airflow/dags/hello_world_dag.py
[2026-03-12T00:20:35.910+0000] {processor.py:839} INFO - DAG(s) dict_keys(['hello_world_demo']) retrieved from /opt/airflow/dags/hello_world_dag.py
[2026-03-12T00:20:35.936+0000] {logging_mixin.py:154} INFO - [2026-03-12T00:20:35.936+0000] {dag.py:2941} INFO - Sync 1 DAGs
[2026-03-12T00:20:35.947+0000] {logging_mixin.py:154} INFO - [2026-03-12T00:20:35.947+0000] {dag.py:3722} INFO - Setting next_dagrun for hello_world_demo to None, run_after=None
[2026-03-12T00:20:35.968+0000] {processor.py:179} INFO - Processing /opt/airflow/dags/hello_world_dag.py took 0.082 seconds
[2026-03-12T00:21:06.187+0000] {processor.py:157} INFO - Started process (PID=10928) to work on /opt/airflow/dags/hello_world_dag.py
[2026-03-12T00:21:06.187+0000] {processor.py:829} INFO - Processing file /opt/airflow/dags/hello_world_dag.py for tasks to queue
[2026-03-12T00:21:06.188+0000] {logging_mixin.py:154} INFO - [2026-03-12T00:21:06.188+0000] {dagbag.py:536} INFO - Filling up the DagBag from /opt/airflow/dags/hello_world_dag.py
[2026-03-12T00:21:06.196+0000] {processor.py:839} INFO - DAG(s) dict_keys(['hello_world_demo']) retrieved from /opt/airflow/dags/hello_world_dag.py
[2026-03-12T00:21:06.216+0000] {logging_mixin.py:154} INFO - [2026-03-12T00:21:06.216+0000] {dag.py:2941} INFO - Sync 1 DAGs
[2026-03-12T00:21:06.225+0000] {logging_mixin.py:154} INFO - [2026-03-12T00:21:06.225+0000] {dag.py:3722} INFO - Setting next_dagrun for hello_world_demo to None, run_after=None
[2026-03-12T00:21:06.242+0000] {processor.py:179} INFO - Processing /opt/airflow/dags/hello_world_dag.py took 0.058 seconds
[2026-03-12T00:21:36.448+0000] {processor.py:157} INFO - Started process (PID=10938) to work on /opt/airflow/dags/hello_world_dag.py
[2026-03-12T00:21:36.450+0000] {processor.py:829} INFO - Processing file /opt/airflow/dags/hello_world_dag.py for tasks to queue
[2026-03-12T00:21:36.451+0000] {logging_mixin.py:154} INFO - [2026-03-12T00:21:36.451+0000] {dagbag.py:536} INFO - Filling up the DagBag from /opt/airflow/dags/hello_world_dag.py
[2026-03-12T00:21:36.459+0000] {processor.py:839} INFO - DAG(s) dict_keys(['hello_world_demo']) retrieved from /opt/airflow/dags/hello_world_dag.py
[2026-03-12T00:21:36.481+0000] {logging_mixin.py:154} INFO - [2026-03-12T00:21:36.481+0000] {dag.py:2941} INFO - Sync 1 DAGs
[2026-03-12T00:21:36.490+0000] {logging_mixin.py:154} INFO - [2026-03-12T00:21:36.490+0000] {dag.py:3722} INFO - Setting next_dagrun for hello_world_demo to None, run_after=None
[2026-03-12T00:21:36.508+0000] {processor.py:179} INFO - Processing /opt/airflow/dags/hello_world_dag.py took 0.064 seconds
[2026-03-12T00:22:06.733+0000] {processor.py:157} INFO - Started process (PID=10948) to work on /opt/airflow/dags/hello_world_dag.py
[2026-03-12T00:22:06.734+0000] {processor.py:829} INFO - Processing file /opt/airflow/dags/hello_world_dag.py for tasks to queue
[2026-03-12T00:22:06.735+0000] {logging_mixin.py:154} INFO - [2026-03-12T00:22:06.735+0000] {dagbag.py:536} INFO - Filling up the DagBag from /opt/airflow/dags/hello_world_dag.py
[2026-03-12T00:22:06.742+0000] {processor.py:839} INFO - DAG(s) dict_keys(['hello_world_demo']) retrieved from /opt/airflow/dags/hello_world_dag.py
[2026-03-12T00:22:06.765+0000] {logging_mixin.py:154} INFO - [2026-03-12T00:22:06.764+0000] {dag.py:2941} INFO - Sync 1 DAGs
[2026-03-12T00:22:06.774+0000] {logging_mixin.py:154} INFO - [2026-03-12T00:22:06.773+0000] {dag.py:3722} INFO - Setting next_dagrun for hello_world_demo to None, run_after=None
[2026-03-12T00:22:06.793+0000] {processor.py:179} INFO - Processing /opt/airflow/dags/hello_world_dag.py took 0.062 seconds
[2026-03-12T00:22:36.997+0000] {processor.py:157} INFO - Started process (PID=10958) to work on /opt/airflow/dags/hello_world_dag.py
[2026-03-12T00:22:36.998+0000] {processor.py:829} INFO - Processing file /opt/airflow/dags/hello_world_dag.py for tasks to queue
[2026-03-12T00:22:36.999+0000] {logging_mixin.py:154} INFO - [2026-03-12T00:22:36.999+0000] {dagbag.py:536} INFO - Filling up the DagBag from /opt/airflow/dags/hello_world_dag.py
[2026-03-12T00:22:37.009+0000] {processor.py:839} INFO - DAG(s) dict_keys(['hello_world_demo']) retrieved from /opt/airflow/dags/hello_world_dag.py
[2026-03-12T00:22:37.034+0000] {logging_mixin.py:154} INFO - [2026-03-12T00:22:37.034+0000] {dag.py:2941} INFO - Sync 1 DAGs
[2026-03-12T00:22:37.044+0000] {logging_mixin.py:154} INFO - [2026-03-12T00:22:37.044+0000] {dag.py:3722} INFO - Setting next_dagrun for hello_world_demo to None, run_after=None
[2026-03-12T00:22:37.080+0000] {processor.py:179} INFO - Processing /opt/airflow/dags/hello_world_dag.py took 0.087 seconds
[2026-03-12T00:23:07.279+0000] {processor.py:157} INFO - Started process (PID=10968) to work on /opt/airflow/dags/hello_world_dag.py
[2026-03-12T00:23:07.280+0000] {processor.py:829} INFO - Processing file /opt/airflow/dags/hello_world_dag.py for tasks to queue
[2026-03-12T00:23:07.280+0000] {logging_mixin.py:154} INFO - [2026-03-12T00:23:07.280+0000] {dagbag.py:536} INFO - Filling up the DagBag from /opt/airflow/dags/hello_world_dag.py
[2026-03-12T00:23:07.289+0000] {processor.py:839} INFO - DAG(s) dict_keys(['hello_world_demo']) retrieved from /opt/airflow/dags/hello_world_dag.py
[2026-03-12T00:23:07.320+0000] {logging_mixin.py:154} INFO - [2026-03-12T00:23:07.319+0000] {dag.py:2941} INFO - Sync 1 DAGs
[2026-03-12T00:23:07.329+0000] {logging_mixin.py:154} INFO - [2026-03-12T00:23:07.329+0000] {dag.py:3722} INFO - Setting next_dagrun for hello_world_demo to None, run_after=None
[2026-03-12T00:23:07.359+0000] {processor.py:179} INFO - Processing /opt/airflow/dags/hello_world_dag.py took 0.083 seconds
[2026-03-12T00:23:37.555+0000] {processor.py:157} INFO - Started process (PID=10978) to work on /opt/airflow/dags/hello_world_dag.py
[2026-03-12T00:23:37.556+0000] {processor.py:829} INFO - Processing file /opt/airflow/dags/hello_world_dag.py for tasks to queue
[2026-03-12T00:23:37.557+0000] {logging_mixin.py:154} INFO - [2026-03-12T00:23:37.557+0000] {dagbag.py:536} INFO - Filling up the DagBag from /opt/airflow/dags/hello_world_dag.py
[2026-03-12T00:23:37.568+0000] {processor.py:839} INFO - DAG(s) dict_keys(['hello_world_demo']) retrieved from /opt/airflow/dags/hello_world_dag.py
[2026-03-12T00:23:37.593+0000] {logging_mixin.py:154} INFO - [2026-03-12T00:23:37.593+0000] {dag.py:2941} INFO - Sync 1 DAGs
[2026-03-12T00:23:37.603+0000] {logging_mixin.py:154} INFO - [2026-03-12T00:23:37.603+0000] {dag.py:3722} INFO - Setting next_dagrun for hello_world_demo to None, run_after=None
[2026-03-12T00:23:37.620+0000] {processor.py:179} INFO - Processing /opt/airflow/dags/hello_world_dag.py took 0.070 seconds
[2026-03-12T00:24:07.829+0000] {processor.py:157} INFO - Started process (PID=10988) to work on /opt/airflow/dags/hello_world_dag.py
[2026-03-12T00:24:07.830+0000] {processor.py:829} INFO - Processing file /opt/airflow/dags/hello_world_dag.py for tasks to queue
[2026-03-12T00:24:07.831+0000] {logging_mixin.py:154} INFO - [2026-03-12T00:24:07.830+0000] {dagbag.py:536} INFO - Filling up the DagBag from /opt/airflow/dags/hello_world_dag.py
[2026-03-12T00:24:07.839+0000] {processor.py:839} INFO - DAG(s) dict_keys(['hello_world_demo']) retrieved from /opt/airflow/dags/hello_world_dag.py
[2026-03-12T00:24:07.861+0000] {logging_mixin.py:154} INFO - [2026-03-12T00:24:07.860+0000] {dag.py:2941} INFO - Sync 1 DAGs
[2026-03-12T00:24:07.869+0000] {logging_mixin.py:154} INFO - [2026-03-12T00:24:07.869+0000] {dag.py:3722} INFO - Setting next_dagrun for hello_world_demo to None, run_after=None
[2026-03-12T00:24:07.886+0000] {processor.py:179} INFO - Processing /opt/airflow/dags/hello_world_dag.py took 0.059 seconds
[2026-03-12T00:24:38.089+0000] {processor.py:157} INFO - Started process (PID=10998) to work on /opt/airflow/dags/hello_world_dag.py
[2026-03-12T00:24:38.107+0000] {processor.py:829} INFO - Processing file /opt/airflow/dags/hello_world_dag.py for tasks to queue
[2026-03-12T00:24:38.108+0000] {logging_mixin.py:154} INFO - [2026-03-12T00:24:38.108+0000] {dagbag.py:536} INFO - Filling up the DagBag from /opt/airflow/dags/hello_world_dag.py
[2026-03-12T00:24:38.119+0000] {processor.py:839} INFO - DAG(s) dict_keys(['hello_world_demo']) retrieved from /opt/airflow/dags/hello_world_dag.py
[2026-03-12T00:24:38.148+0000] {logging_mixin.py:154} INFO - [2026-03-12T00:24:38.147+0000] {dag.py:2941} INFO - Sync 1 DAGs
[2026-03-12T00:24:38.159+0000] {logging_mixin.py:154} INFO - [2026-03-12T00:24:38.158+0000] {dag.py:3722} INFO - Setting next_dagrun for hello_world_demo to None, run_after=None
[2026-03-12T00:24:38.179+0000] {processor.py:179} INFO - Processing /opt/airflow/dags/hello_world_dag.py took 0.093 seconds
[2026-03-12T00:25:08.400+0000] {processor.py:157} INFO - Started process (PID=11008) to work on /opt/airflow/dags/hello_world_dag.py
[2026-03-12T00:25:08.402+0000] {processor.py:829} INFO - Processing file /opt/airflow/dags/hello_world_dag.py for tasks to queue
[2026-03-12T00:25:08.403+0000] {logging_mixin.py:154} INFO - [2026-03-12T00:25:08.402+0000] {dagbag.py:536} INFO - Filling up the DagBag from /opt/airflow/dags/hello_world_dag.py
[2026-03-12T00:25:08.411+0000] {processor.py:839} INFO - DAG(s) dict_keys(['hello_world_demo']) retrieved from /opt/airflow/dags/hello_world_dag.py
[2026-03-12T00:25:08.433+0000] {logging_mixin.py:154} INFO - [2026-03-12T00:25:08.433+0000] {dag.py:2941} INFO - Sync 1 DAGs
[2026-03-12T00:25:08.442+0000] {logging_mixin.py:154} INFO - [2026-03-12T00:25:08.442+0000] {dag.py:3722} INFO - Setting next_dagrun for hello_world_demo to None, run_after=None
[2026-03-12T00:25:08.465+0000] {processor.py:179} INFO - Processing /opt/airflow/dags/hello_world_dag.py took 0.069 seconds
[2026-03-12T00:25:38.653+0000] {processor.py:157} INFO - Started process (PID=11018) to work on /opt/airflow/dags/hello_world_dag.py
[2026-03-12T00:25:38.665+0000] {processor.py:829} INFO - Processing file /opt/airflow/dags/hello_world_dag.py for tasks to queue
[2026-03-12T00:25:38.665+0000] {logging_mixin.py:154} INFO - [2026-03-12T00:25:38.665+0000] {dagbag.py:536} INFO - Filling up the DagBag from /opt/airflow/dags/hello_world_dag.py
[2026-03-12T00:25:38.673+0000] {processor.py:839} INFO - DAG(s) dict_keys(['hello_world_demo']) retrieved from /opt/airflow/dags/hello_world_dag.py
[2026-03-12T00:25:38.695+0000] {logging_mixin.py:154} INFO - [2026-03-12T00:25:38.695+0000] {dag.py:2941} INFO - Sync 1 DAGs
[2026-03-12T00:25:38.704+0000] {logging_mixin.py:154} INFO - [2026-03-12T00:25:38.704+0000] {dag.py:3722} INFO - Setting next_dagrun for hello_world_demo to None, run_after=None
[2026-03-12T00:25:38.723+0000] {processor.py:179} INFO - Processing /opt/airflow/dags/hello_world_dag.py took 0.073 seconds
                                                                                                                                                                                                                                                                                                                                                                                                                                                                                                                                                                                                                                                                                                                                                                                                                                                                                                                                                                                                                                                        